<?xml version="1.0" encoding="UTF-8"?>
<testng-results ignored="0" total="1" passed="1" failed="0" skipped="0">
  <reporter-output>
  </reporter-output>
  <suite started-at="2021-04-07T15:00:24Z" name="AutomationPractice" finished-at="2021-04-07T15:01:16Z" duration-ms="52275">
    <groups>
    </groups>
    <test started-at="2021-04-07T15:00:24Z" name="AccountCreationTest" finished-at="2021-04-07T15:01:16Z" duration-ms="52275">
      <class name="com.automationpractice.tests.CreateAccountTest">
        <test-method is-config="true" signature="initializeDriver(java.lang.String, java.lang.String)[pri:0, instance:com.automationpractice.tests.CreateAccountTest@3c77d488]" started-at="2021-04-07T15:00:24Z" name="initializeDriver" finished-at="2021-04-07T15:00:35Z" duration-ms="10582" status="PASS">
          <params>
            <param index="0">
              <value>
                <![CDATA[Chrome]]>
              </value>
            </param>
            <param index="1">
              <value>
                <![CDATA[http://automationpractice.com/index.php]]>
              </value>
            </param>
          </params>
          <reporter-output>
          </reporter-output>
        </test-method> <!-- initializeDriver -->
        <test-method is-config="true" signature="setup()[pri:0, instance:com.automationpractice.tests.CreateAccountTest@3c77d488]" started-at="2021-04-07T15:00:35Z" name="setup" finished-at="2021-04-07T15:00:35Z" duration-ms="0" status="PASS">
          <reporter-output>
          </reporter-output>
        </test-method> <!-- setup -->
        <test-method signature="verifyAccountCreation()[pri:0, instance:com.automationpractice.tests.CreateAccountTest@3c77d488]" started-at="2021-04-07T15:00:35Z" name="verifyAccountCreation" finished-at="2021-04-07T15:01:16Z" duration-ms="40899" status="PASS">
          <reporter-output>
          </reporter-output>
        </test-method> <!-- verifyAccountCreation -->
        <test-method is-config="true" signature="afterClass()[pri:0, instance:com.automationpractice.tests.CreateAccountTest@3c77d488]" started-at="2021-04-07T15:01:16Z" name="afterClass" finished-at="2021-04-07T15:01:16Z" duration-ms="1" status="PASS">
          <reporter-output>
          </reporter-output>
        </test-method> <!-- afterClass -->
        <test-method is-config="true" signature="tearDown()[pri:0, instance:com.automationpractice.tests.CreateAccountTest@3c77d488]" started-at="2021-04-07T15:01:16Z" name="tearDown" finished-at="2021-04-07T15:01:16Z" duration-ms="737" status="PASS">
          <reporter-output>
          </reporter-output>
        </test-method> <!-- tearDown -->
      </class> <!-- com.automationpractice.tests.CreateAccountTest -->
    </test> <!-- AccountCreationTest -->
  </suite> <!-- AutomationPractice -->
</testng-results>
